#
# There is insufficient memory for the Java Runtime Environment to continue.
# Native memory allocation (malloc) failed to allocate 1048576 bytes. Error detail: AllocateHeap
# Possible reasons:
#   The system is out of physical RAM or swap space
#   This process is running with CompressedOops enabled, and the Java Heap may be blocking the growth of the native heap
# Possible solutions:
#   Reduce memory load on the system
#   Increase physical memory or swap space
#   Check if swap backing store is full
#   Decrease Java heap size (-Xmx/-Xms)
#   Decrease number of Java threads
#   Decrease Java thread stack sizes (-Xss)
#   Set larger code cache with -XX:ReservedCodeCacheSize=
#   JVM is running with Unscaled Compressed Oops mode in which the Java heap is
#     placed in the first 4GB address space. The Java Heap base address is the
#     maximum limit for the native heap growth. Please use -XX:HeapBaseMinAddress
#     to set the Java Heap base and to place the Java Heap above 4GB virtual address.
# This output file may be truncated or incomplete.
#
#  Out of Memory Error (allocation.cpp:44), pid=15736, tid=11480
#
# JRE version: OpenJDK Runtime Environment JBR-21.0.6+9-895.109-jcef (21.0.6+9) (build 21.0.6+9-b895.109)
# Java VM: OpenJDK 64-Bit Server VM JBR-21.0.6+9-895.109-jcef (21.0.6+9-b895.109, mixed mode, sharing, tiered, compressed oops, compressed class ptrs, g1 gc, windows-amd64)
# No core dump will be written. Minidumps are not enabled by default on client versions of Windows
#

---------------  S U M M A R Y ------------

Command Line: -Djava.rmi.server.hostname=127.0.0.1 -Duser.timezone=UTC -Xmx2048m -Xms128m -Djdbc.classpath=C:\Users\Admin\AppData\Local\Temp\RemoteDriver2.classpath.txt --add-exports=java.desktop/sun.awt=ALL-UNNAMED --add-exports=java.desktop/java.awt.peer=ALL-UNNAMED --add-opens=java.desktop/java.awt=ALL-UNNAMED --add-opens=jdk.unsupported/sun.misc=ALL-UNNAMED --add-opens=java.base/java.nio=ALL-UNNAMED --add-opens=java.base/java.util=ALL-UNNAMED -Dfile.encoding=UTF-8 -Dsun.stdout.encoding=UTF-8 -Dsun.stderr.encoding=UTF-8 com.intellij.database.remote.RemoteJdbcServer org.postgresql.Driver

Host: Intel(R) Core(TM) i5-10400F CPU @ 2.90GHz, 12 cores, 15G,  Windows 11 , 64 bit Build 26100 (10.0.26100.712)
Time: Fri Apr 18 00:24:02 2025 Russia TZ 2 Standard Time elapsed time: 10801.075835 seconds (0d 3h 0m 1s)

---------------  T H R E A D  ---------------

Current thread (0x0000017daa8f6670):  VMThread "VM Thread"          [id=11480, stack(0x000000183b300000,0x000000183b400000) (1024K)]

Stack: [0x000000183b300000,0x000000183b400000]
Native frames: (J=compiled Java code, j=interpreted, Vv=VM code, C=native code)
V  [jvm.dll+0x6e5cb9]
V  [jvm.dll+0x8c4113]
V  [jvm.dll+0x8c666e]
V  [jvm.dll+0x8c6d53]
V  [jvm.dll+0x288f76]
V  [jvm.dll+0xc0e57]
V  [jvm.dll+0x353dd2]
V  [jvm.dll+0x34d76e]
V  [jvm.dll+0x3357d9]
V  [jvm.dll+0x379b4a]
V  [jvm.dll+0x8ccad8]
V  [jvm.dll+0x8cde54]
V  [jvm.dll+0x8ce390]
V  [jvm.dll+0x8ce623]
V  [jvm.dll+0x86bc68]
V  [jvm.dll+0x6e44bd]
C  [ucrtbase.dll+0x14ea0]
C  [KERNEL32.DLL+0x31fd7]
C  [ntdll.dll+0xda95c]

VM_Operation (0x000000183c2fedf0): G1CollectFull, mode: safepoint, requested by thread 0x0000017df003add0


---------------  P R O C E S S  ---------------

Threads class SMR info:
_java_thread_list=0x0000017df130cbf0, length=19, elements={
0x0000017d8fae5140, 0x0000017daa914e90, 0x0000017daa916600, 0x0000017daa919d80,
0x0000017daa91ba40, 0x0000017daa91f050, 0x0000017daa921da0, 0x0000017daa92df90,
0x0000017daa9315d0, 0x0000017daaba99c0, 0x0000017daabb4100, 0x0000017df003b8f0,
0x0000017daad65750, 0x0000017daad65db0, 0x0000017df003add0, 0x0000017df01cbe90,
0x0000017df0419870, 0x0000017df04a29c0, 0x0000017df04a57b0
}

Java Threads: ( => current thread )
  0x0000017d8fae5140 JavaThread "main"                              [_thread_blocked, id=5356, stack(0x000000183ac00000,0x000000183ad00000) (1024K)]
  0x0000017daa914e90 JavaThread "Reference Handler"          daemon [_thread_blocked, id=15240, stack(0x000000183b400000,0x000000183b500000) (1024K)]
  0x0000017daa916600 JavaThread "Finalizer"                  daemon [_thread_blocked, id=11868, stack(0x000000183b500000,0x000000183b600000) (1024K)]
  0x0000017daa919d80 JavaThread "Signal Dispatcher"          daemon [_thread_blocked, id=1336, stack(0x000000183b600000,0x000000183b700000) (1024K)]
  0x0000017daa91ba40 JavaThread "Attach Listener"            daemon [_thread_blocked, id=16868, stack(0x000000183b700000,0x000000183b800000) (1024K)]
  0x0000017daa91f050 JavaThread "Service Thread"             daemon [_thread_blocked, id=10156, stack(0x000000183b800000,0x000000183b900000) (1024K)]
  0x0000017daa921da0 JavaThread "Monitor Deflation Thread"   daemon [_thread_blocked, id=8564, stack(0x000000183b900000,0x000000183ba00000) (1024K)]
  0x0000017daa92df90 JavaThread "C2 CompilerThread0"         daemon [_thread_blocked, id=11904, stack(0x000000183ba00000,0x000000183bb00000) (1024K)]
  0x0000017daa9315d0 JavaThread "C1 CompilerThread0"         daemon [_thread_blocked, id=15224, stack(0x000000183bb00000,0x000000183bc00000) (1024K)]
  0x0000017daaba99c0 JavaThread "Common-Cleaner"             daemon [_thread_blocked, id=17040, stack(0x000000183bc00000,0x000000183bd00000) (1024K)]
  0x0000017daabb4100 JavaThread "Notification Thread"        daemon [_thread_blocked, id=12048, stack(0x000000183bd00000,0x000000183be00000) (1024K)]
  0x0000017df003b8f0 JavaThread "RMI TCP Accept-9406"        daemon [_thread_in_native, id=12476, stack(0x000000183bf00000,0x000000183c000000) (1024K)]
  0x0000017daad65750 JavaThread "RMI TCP Accept-0"           daemon [_thread_in_native, id=5728, stack(0x000000183c000000,0x000000183c100000) (1024K)]
  0x0000017daad65db0 JavaThread "RMI Reaper"                        [_thread_blocked, id=12236, stack(0x000000183c100000,0x000000183c200000) (1024K)]
  0x0000017df003add0 JavaThread "RMI GC Daemon"              daemon [_thread_blocked, id=12392, stack(0x000000183c200000,0x000000183c300000) (1024K)]
  0x0000017df01cbe90 JavaThread "RMI TCP Connection(1)-127.0.0.1" daemon [_thread_blocked, id=9056, stack(0x000000183c300000,0x000000183c400000) (1024K)]
  0x0000017df0419870 JavaThread "RMI Scheduler(0)"           daemon [_thread_blocked, id=13200, stack(0x000000183c500000,0x000000183c600000) (1024K)]
  0x0000017df04a29c0 JavaThread "RMI TCP Connection(4)-127.0.0.1" daemon [_thread_in_native, id=3000, stack(0x000000183c700000,0x000000183c800000) (1024K)]
  0x0000017df04a57b0 JavaThread "RMI RenewClean-[127.0.0.1:50479]" daemon [_thread_blocked, id=15828, stack(0x000000183c800000,0x000000183c900000) (1024K)]
Total: 19

Other Threads:
=>0x0000017daa8f6670 VMThread "VM Thread"                           [id=11480, stack(0x000000183b300000,0x000000183b400000) (1024K)]
  0x0000017daa8e2580 WatcherThread "VM Periodic Task Thread"        [id=6884, stack(0x000000183b200000,0x000000183b300000) (1024K)]
  0x0000017d91f73ca0 WorkerThread "GC Thread#0"                     [id=16208, stack(0x000000183ad00000,0x000000183ae00000) (1024K)]
  0x0000017df04fd650 WorkerThread "GC Thread#1"                     [id=16608, stack(0x000000183c900000,0x000000183ca00000) (1024K)]
  0x0000017df0441fc0 WorkerThread "GC Thread#2"                     [id=17392, stack(0x000000183ca00000,0x000000183cb00000) (1024K)]
  0x0000017df0442770 WorkerThread "GC Thread#3"                     [id=14096, stack(0x000000183cb00000,0x000000183cc00000) (1024K)]
  0x0000017df048ff00 WorkerThread "GC Thread#4"                     [id=5976, stack(0x000000183cc00000,0x000000183cd00000) (1024K)]
  0x0000017df04902a0 WorkerThread "GC Thread#5"                     [id=14604, stack(0x000000183cd00000,0x000000183ce00000) (1024K)]
  0x0000017df0491060 WorkerThread "GC Thread#6"                     [id=15996, stack(0x000000183ce00000,0x000000183cf00000) (1024K)]
  0x0000017df0491400 WorkerThread "GC Thread#7"                     [id=9380, stack(0x000000183cf00000,0x000000183d000000) (1024K)]
  0x0000017df04923d0 WorkerThread "GC Thread#8"                     [id=14896, stack(0x000000183d000000,0x000000183d100000) (1024K)]
  0x0000017df0492770 WorkerThread "GC Thread#9"                     [id=13836, stack(0x000000183d100000,0x000000183d200000) (1024K)]
  0x0000017d91f85a10 ConcurrentGCThread "G1 Main Marker"            [id=16852, stack(0x000000183ae00000,0x000000183af00000) (1024K)]
  0x0000017d91f86420 WorkerThread "G1 Conc#0"                       [id=7780, stack(0x000000183af00000,0x000000183b000000) (1024K)]
  0x0000017daa7a4590 ConcurrentGCThread "G1 Refine#0"               [id=16196, stack(0x000000183b000000,0x000000183b100000) (1024K)]
  0x0000017daa7a6dc0 ConcurrentGCThread "G1 Service"                [id=2960, stack(0x000000183b100000,0x000000183b200000) (1024K)]
Total: 16

Threads with active compile tasks:
Total: 0

VM state: at safepoint (normal execution)

VM Mutex/Monitor currently owned by a thread:  ([mutex/lock_event])
[0x00007ff899d9ea30] Threads_lock - owner thread: 0x0000017daa8f6670
[0x00007ff899d9eb30] Heap_lock - owner thread: 0x0000017df003add0

Heap address: 0x0000000080000000, size: 2048 MB, Compressed Oops mode: 32-bit

CDS archive(s) mapped at: [0x0000017dab000000-0x0000017dabd00000-0x0000017dabd00000), size 13631488, SharedBaseAddress: 0x0000017dab000000, ArchiveRelocationMode: 1.
Compressed class space mapped at: 0x0000017dac000000-0x0000017dec000000, reserved size: 1073741824
Narrow klass base: 0x0000017dab000000, Narrow klass shift: 0, Narrow klass range: 0x100000000

GC Precious Log:
 CardTable entry size: 512
 Card Set container configuration: InlinePtr #cards 5 size 8 Array Of Cards #cards 12 size 40 Howl #buckets 4 coarsen threshold 1843 Howl Bitmap #cards 512 size 80 coarsen threshold 460 Card regions per heap region 1 cards per card region 2048
 CPUs: 12 total, 12 available
 Memory: 16254M
 Large Page Support: Disabled
 NUMA Support: Disabled
 Compressed Oops: Enabled (32-bit)
 Heap Region Size: 1M
 Heap Min Capacity: 128M
 Heap Initial Capacity: 128M
 Heap Max Capacity: 2G
 Pre-touch: Disabled
 Parallel Workers: 10
 Concurrent Workers: 3
 Concurrent Refinement Workers: 10
 Periodic GC: Disabled

Heap:
 garbage-first heap   total 131072K, used 17910K [0x0000000080000000, 0x0000000100000000)
  region size 1024K, 8 young (8192K), 0 survivors (0K)
 Metaspace       used 13298K, committed 14144K, reserved 1114112K
  class space    used 1464K, committed 1792K, reserved 1048576K

Heap Regions: E=young(eden), S=young(survivor), O=old, HS=humongous(starts), HC=humongous(continues), CS=collection set, F=free, TAMS=top-at-mark-start, PB=parsable bottom
|   0|0x0000000080000000, 0x0000000080100000, 0x0000000080100000|100%|HS|  |TAMS 0x0000000080000000| PB 0x0000000080000000| Untracked 
|   1|0x0000000080100000, 0x0000000080200000, 0x0000000080200000|100%|HC|  |TAMS 0x0000000080100000| PB 0x0000000080100000| Untracked 
|   2|0x0000000080200000, 0x0000000080300000, 0x0000000080300000|100%|HS|  |TAMS 0x0000000080200000| PB 0x0000000080200000| Untracked 
|   3|0x0000000080300000, 0x0000000080400000, 0x0000000080400000|100%|HS|  |TAMS 0x0000000080300000| PB 0x0000000080300000| Untracked 
|   4|0x0000000080400000, 0x0000000080500000, 0x0000000080500000|100%| O|  |TAMS 0x0000000080400000| PB 0x0000000080400000| Untracked 
|   5|0x0000000080500000, 0x0000000080600000, 0x0000000080600000|100%| O|  |TAMS 0x0000000080500000| PB 0x0000000080500000| Untracked 
|   6|0x0000000080600000, 0x00000000806ff8d8, 0x0000000080700000| 99%| O|  |TAMS 0x0000000080600000| PB 0x0000000080600000| Untracked 
|   7|0x0000000080700000, 0x00000000807ffff0, 0x0000000080800000| 99%| O|  |TAMS 0x0000000080700000| PB 0x0000000080700000| Untracked 
|   8|0x0000000080800000, 0x00000000808fffd0, 0x0000000080900000| 99%| O|  |TAMS 0x0000000080800000| PB 0x0000000080800000| Untracked 
|   9|0x0000000080900000, 0x00000000809a8fc0, 0x0000000080a00000| 66%| O|  |TAMS 0x0000000080900000| PB 0x0000000080900000| Untracked 
|  10|0x0000000080a00000, 0x0000000080a5d120, 0x0000000080b00000| 36%| O|  |TAMS 0x0000000080a00000| PB 0x0000000080a00000| Untracked 
|  11|0x0000000080b00000, 0x0000000080b78000, 0x0000000080c00000| 46%| O|  |TAMS 0x0000000080b00000| PB 0x0000000080b00000| Untracked 
|  12|0x0000000080c00000, 0x0000000080c00000, 0x0000000080d00000|  0%| F|  |TAMS 0x0000000080c00000| PB 0x0000000080c00000| Untracked 
|  13|0x0000000080d00000, 0x0000000080d00000, 0x0000000080e00000|  0%| F|  |TAMS 0x0000000080d00000| PB 0x0000000080d00000| Untracked 
|  14|0x0000000080e00000, 0x0000000080e00000, 0x0000000080f00000|  0%| F|  |TAMS 0x0000000080e00000| PB 0x0000000080e00000| Untracked 
|  15|0x0000000080f00000, 0x0000000080f00000, 0x0000000081000000|  0%| F|  |TAMS 0x0000000080f00000| PB 0x0000000080f00000| Untracked 
|  16|0x0000000081000000, 0x0000000081000000, 0x0000000081100000|  0%| F|  |TAMS 0x0000000081000000| PB 0x0000000081000000| Untracked 
|  17|0x0000000081100000, 0x0000000081100000, 0x0000000081200000|  0%| F|  |TAMS 0x0000000081100000| PB 0x0000000081100000| Untracked 
|  18|0x0000000081200000, 0x0000000081200000, 0x0000000081300000|  0%| F|  |TAMS 0x0000000081200000| PB 0x0000000081200000| Untracked 
|  19|0x0000000081300000, 0x0000000081300000, 0x0000000081400000|  0%| F|  |TAMS 0x0000000081300000| PB 0x0000000081300000| Untracked 
|  20|0x0000000081400000, 0x0000000081400000, 0x0000000081500000|  0%| F|  |TAMS 0x0000000081400000| PB 0x0000000081400000| Untracked 
|  21|0x0000000081500000, 0x0000000081500000, 0x0000000081600000|  0%| F|  |TAMS 0x0000000081500000| PB 0x0000000081500000| Untracked 
|  22|0x0000000081600000, 0x0000000081600000, 0x0000000081700000|  0%| F|  |TAMS 0x0000000081600000| PB 0x0000000081600000| Untracked 
|  23|0x0000000081700000, 0x0000000081700000, 0x0000000081800000|  0%| F|  |TAMS 0x0000000081700000| PB 0x0000000081700000| Untracked 
|  24|0x0000000081800000, 0x0000000081800000, 0x0000000081900000|  0%| F|  |TAMS 0x0000000081800000| PB 0x0000000081800000| Untracked 
|  25|0x0000000081900000, 0x0000000081900000, 0x0000000081a00000|  0%| F|  |TAMS 0x0000000081900000| PB 0x0000000081900000| Untracked 
|  26|0x0000000081a00000, 0x0000000081a00000, 0x0000000081b00000|  0%| F|  |TAMS 0x0000000081a00000| PB 0x0000000081a00000| Untracked 
|  27|0x0000000081b00000, 0x0000000081b00000, 0x0000000081c00000|  0%| F|  |TAMS 0x0000000081b00000| PB 0x0000000081b00000| Untracked 
|  28|0x0000000081c00000, 0x0000000081c00000, 0x0000000081d00000|  0%| F|  |TAMS 0x0000000081c00000| PB 0x0000000081c00000| Untracked 
|  29|0x0000000081d00000, 0x0000000081d00000, 0x0000000081e00000|  0%| F|  |TAMS 0x0000000081d00000| PB 0x0000000081d00000| Untracked 
|  30|0x0000000081e00000, 0x0000000081e00000, 0x0000000081f00000|  0%| F|  |TAMS 0x0000000081e00000| PB 0x0000000081e00000| Untracked 
|  31|0x0000000081f00000, 0x0000000081f00000, 0x0000000082000000|  0%| F|  |TAMS 0x0000000081f00000| PB 0x0000000081f00000| Untracked 
|  32|0x0000000082000000, 0x0000000082000000, 0x0000000082100000|  0%| F|  |TAMS 0x0000000082000000| PB 0x0000000082000000| Untracked 
|  33|0x0000000082100000, 0x0000000082100000, 0x0000000082200000|  0%| F|  |TAMS 0x0000000082100000| PB 0x0000000082100000| Untracked 
|  34|0x0000000082200000, 0x0000000082200000, 0x0000000082300000|  0%| F|  |TAMS 0x0000000082200000| PB 0x0000000082200000| Untracked 
|  35|0x0000000082300000, 0x0000000082300000, 0x0000000082400000|  0%| F|  |TAMS 0x0000000082300000| PB 0x0000000082300000| Untracked 
|  36|0x0000000082400000, 0x0000000082400000, 0x0000000082500000|  0%| F|  |TAMS 0x0000000082400000| PB 0x0000000082400000| Untracked 
|  37|0x0000000082500000, 0x0000000082500000, 0x0000000082600000|  0%| F|  |TAMS 0x0000000082500000| PB 0x0000000082500000| Untracked 
|  38|0x0000000082600000, 0x0000000082600000, 0x0000000082700000|  0%| F|  |TAMS 0x0000000082600000| PB 0x0000000082600000| Untracked 
|  39|0x0000000082700000, 0x0000000082700000, 0x0000000082800000|  0%| F|  |TAMS 0x0000000082700000| PB 0x0000000082700000| Untracked 
|  40|0x0000000082800000, 0x0000000082800000, 0x0000000082900000|  0%| F|  |TAMS 0x0000000082800000| PB 0x0000000082800000| Untracked 
|  41|0x0000000082900000, 0x0000000082900000, 0x0000000082a00000|  0%| F|  |TAMS 0x0000000082900000| PB 0x0000000082900000| Untracked 
|  42|0x0000000082a00000, 0x0000000082a00000, 0x0000000082b00000|  0%| F|  |TAMS 0x0000000082a00000| PB 0x0000000082a00000| Untracked 
|  43|0x0000000082b00000, 0x0000000082b00000, 0x0000000082c00000|  0%| F|  |TAMS 0x0000000082b00000| PB 0x0000000082b00000| Untracked 
|  44|0x0000000082c00000, 0x0000000082c00000, 0x0000000082d00000|  0%| F|  |TAMS 0x0000000082c00000| PB 0x0000000082c00000| Untracked 
|  45|0x0000000082d00000, 0x0000000082d00000, 0x0000000082e00000|  0%| F|  |TAMS 0x0000000082d00000| PB 0x0000000082d00000| Untracked 
|  46|0x0000000082e00000, 0x0000000082e00000, 0x0000000082f00000|  0%| F|  |TAMS 0x0000000082e00000| PB 0x0000000082e00000| Untracked 
|  47|0x0000000082f00000, 0x0000000082f00000, 0x0000000083000000|  0%| F|  |TAMS 0x0000000082f00000| PB 0x0000000082f00000| Untracked 
|  48|0x0000000083000000, 0x0000000083000000, 0x0000000083100000|  0%| F|  |TAMS 0x0000000083000000| PB 0x0000000083000000| Untracked 
|  49|0x0000000083100000, 0x0000000083100000, 0x0000000083200000|  0%| F|  |TAMS 0x0000000083100000| PB 0x0000000083100000| Untracked 
|  50|0x0000000083200000, 0x0000000083200000, 0x0000000083300000|  0%| F|  |TAMS 0x0000000083200000| PB 0x0000000083200000| Untracked 
|  51|0x0000000083300000, 0x0000000083300000, 0x0000000083400000|  0%| F|  |TAMS 0x0000000083300000| PB 0x0000000083300000| Untracked 
|  52|0x0000000083400000, 0x0000000083400000, 0x0000000083500000|  0%| F|  |TAMS 0x0000000083400000| PB 0x0000000083400000| Untracked 
|  53|0x0000000083500000, 0x0000000083500000, 0x0000000083600000|  0%| F|  |TAMS 0x0000000083500000| PB 0x0000000083500000| Untracked 
|  54|0x0000000083600000, 0x0000000083600000, 0x0000000083700000|  0%| F|  |TAMS 0x0000000083600000| PB 0x0000000083600000| Untracked 
|  55|0x0000000083700000, 0x0000000083700000, 0x0000000083800000|  0%| F|  |TAMS 0x0000000083700000| PB 0x0000000083700000| Untracked 
|  56|0x0000000083800000, 0x0000000083800000, 0x0000000083900000|  0%| F|  |TAMS 0x0000000083800000| PB 0x0000000083800000| Untracked 
|  57|0x0000000083900000, 0x0000000083900000, 0x0000000083a00000|  0%| F|  |TAMS 0x0000000083900000| PB 0x0000000083900000| Untracked 
|  58|0x0000000083a00000, 0x0000000083a00000, 0x0000000083b00000|  0%| F|  |TAMS 0x0000000083a00000| PB 0x0000000083a00000| Untracked 
|  59|0x0000000083b00000, 0x0000000083b00000, 0x0000000083c00000|  0%| F|  |TAMS 0x0000000083b00000| PB 0x0000000083b00000| Untracked 
|  60|0x0000000083c00000, 0x0000000083c00000, 0x0000000083d00000|  0%| F|  |TAMS 0x0000000083c00000| PB 0x0000000083c00000| Untracked 
|  61|0x0000000083d00000, 0x0000000083d00000, 0x0000000083e00000|  0%| F|  |TAMS 0x0000000083d00000| PB 0x0000000083d00000| Untracked 
|  62|0x0000000083e00000, 0x0000000083e00000, 0x0000000083f00000|  0%| F|  |TAMS 0x0000000083e00000| PB 0x0000000083e00000| Untracked 
|  63|0x0000000083f00000, 0x0000000083f00000, 0x0000000084000000|  0%| F|  |TAMS 0x0000000083f00000| PB 0x0000000083f00000| Untracked 
|  64|0x0000000084000000, 0x0000000084000000, 0x0000000084100000|  0%| F|  |TAMS 0x0000000084000000| PB 0x0000000084000000| Untracked 
|  65|0x0000000084100000, 0x0000000084100000, 0x0000000084200000|  0%| F|  |TAMS 0x0000000084100000| PB 0x0000000084100000| Untracked 
|  66|0x0000000084200000, 0x0000000084200000, 0x0000000084300000|  0%| F|  |TAMS 0x0000000084200000| PB 0x0000000084200000| Untracked 
|  67|0x0000000084300000, 0x0000000084300000, 0x0000000084400000|  0%| F|  |TAMS 0x0000000084300000| PB 0x0000000084300000| Untracked 
|  68|0x0000000084400000, 0x0000000084400000, 0x0000000084500000|  0%| F|  |TAMS 0x0000000084400000| PB 0x0000000084400000| Untracked 
|  69|0x0000000084500000, 0x0000000084500000, 0x0000000084600000|  0%| F|  |TAMS 0x0000000084500000| PB 0x0000000084500000| Untracked 
|  70|0x0000000084600000, 0x0000000084600000, 0x0000000084700000|  0%| F|  |TAMS 0x0000000084600000| PB 0x0000000084600000| Untracked 
|  71|0x0000000084700000, 0x0000000084700000, 0x0000000084800000|  0%| F|  |TAMS 0x0000000084700000| PB 0x0000000084700000| Untracked 
|  72|0x0000000084800000, 0x0000000084800000, 0x0000000084900000|  0%| F|  |TAMS 0x0000000084800000| PB 0x0000000084800000| Untracked 
|  73|0x0000000084900000, 0x0000000084900000, 0x0000000084a00000|  0%| F|  |TAMS 0x0000000084900000| PB 0x0000000084900000| Untracked 
|  74|0x0000000084a00000, 0x0000000084a00000, 0x0000000084b00000|  0%| F|  |TAMS 0x0000000084a00000| PB 0x0000000084a00000| Untracked 
|  75|0x0000000084b00000, 0x0000000084b00000, 0x0000000084c00000|  0%| F|  |TAMS 0x0000000084b00000| PB 0x0000000084b00000| Untracked 
|  76|0x0000000084c00000, 0x0000000084c00000, 0x0000000084d00000|  0%| F|  |TAMS 0x0000000084c00000| PB 0x0000000084c00000| Untracked 
|  77|0x0000000084d00000, 0x0000000084d00000, 0x0000000084e00000|  0%| F|  |TAMS 0x0000000084d00000| PB 0x0000000084d00000| Untracked 
|  78|0x0000000084e00000, 0x0000000084e00000, 0x0000000084f00000|  0%| F|  |TAMS 0x0000000084e00000| PB 0x0000000084e00000| Untracked 
|  79|0x0000000084f00000, 0x0000000084f00000, 0x0000000085000000|  0%| F|  |TAMS 0x0000000084f00000| PB 0x0000000084f00000| Untracked 
|  80|0x0000000085000000, 0x0000000085000000, 0x0000000085100000|  0%| F|  |TAMS 0x0000000085000000| PB 0x0000000085000000| Untracked 
|  81|0x0000000085100000, 0x0000000085100000, 0x0000000085200000|  0%| F|  |TAMS 0x0000000085100000| PB 0x0000000085100000| Untracked 
|  82|0x0000000085200000, 0x0000000085200000, 0x0000000085300000|  0%| F|  |TAMS 0x0000000085200000| PB 0x0000000085200000| Untracked 
|  83|0x0000000085300000, 0x0000000085300000, 0x0000000085400000|  0%| F|  |TAMS 0x0000000085300000| PB 0x0000000085300000| Untracked 
|  84|0x0000000085400000, 0x0000000085400000, 0x0000000085500000|  0%| F|  |TAMS 0x0000000085400000| PB 0x0000000085400000| Untracked 
|  85|0x0000000085500000, 0x0000000085500000, 0x0000000085600000|  0%| F|  |TAMS 0x0000000085500000| PB 0x0000000085500000| Untracked 
|  86|0x0000000085600000, 0x0000000085600000, 0x0000000085700000|  0%| F|  |TAMS 0x0000000085600000| PB 0x0000000085600000| Untracked 
|  87|0x0000000085700000, 0x0000000085700000, 0x0000000085800000|  0%| F|  |TAMS 0x0000000085700000| PB 0x0000000085700000| Untracked 
|  88|0x0000000085800000, 0x0000000085800000, 0x0000000085900000|  0%| F|  |TAMS 0x0000000085800000| PB 0x0000000085800000| Untracked 
|  89|0x0000000085900000, 0x0000000085900000, 0x0000000085a00000|  0%| F|  |TAMS 0x0000000085900000| PB 0x0000000085900000| Untracked 
|  90|0x0000000085a00000, 0x0000000085a00000, 0x0000000085b00000|  0%| F|  |TAMS 0x0000000085a00000| PB 0x0000000085a00000| Untracked 
|  91|0x0000000085b00000, 0x0000000085b00000, 0x0000000085c00000|  0%| F|  |TAMS 0x0000000085b00000| PB 0x0000000085b00000| Untracked 
|  92|0x0000000085c00000, 0x0000000085c00000, 0x0000000085d00000|  0%| F|  |TAMS 0x0000000085c00000| PB 0x0000000085c00000| Untracked 
|  93|0x0000000085d00000, 0x0000000085d00000, 0x0000000085e00000|  0%| F|  |TAMS 0x0000000085d00000| PB 0x0000000085d00000| Untracked 
|  94|0x0000000085e00000, 0x0000000085e00000, 0x0000000085f00000|  0%| F|  |TAMS 0x0000000085e00000| PB 0x0000000085e00000| Untracked 
|  95|0x0000000085f00000, 0x0000000085f00000, 0x0000000086000000|  0%| F|  |TAMS 0x0000000085f00000| PB 0x0000000085f00000| Untracked 
|  96|0x0000000086000000, 0x0000000086000000, 0x0000000086100000|  0%| F|  |TAMS 0x0000000086000000| PB 0x0000000086000000| Untracked 
|  97|0x0000000086100000, 0x0000000086100000, 0x0000000086200000|  0%| F|  |TAMS 0x0000000086100000| PB 0x0000000086100000| Untracked 
|  98|0x0000000086200000, 0x0000000086200000, 0x0000000086300000|  0%| F|  |TAMS 0x0000000086200000| PB 0x0000000086200000| Untracked 
|  99|0x0000000086300000, 0x0000000086300000, 0x0000000086400000|  0%| F|  |TAMS 0x0000000086300000| PB 0x0000000086300000| Untracked 
| 100|0x0000000086400000, 0x0000000086400000, 0x0000000086500000|  0%| F|  |TAMS 0x0000000086400000| PB 0x0000000086400000| Untracked 
| 101|0x0000000086500000, 0x0000000086500000, 0x0000000086600000|  0%| F|  |TAMS 0x0000000086500000| PB 0x0000000086500000| Untracked 
| 102|0x0000000086600000, 0x0000000086600000, 0x0000000086700000|  0%| F|  |TAMS 0x0000000086600000| PB 0x0000000086600000| Untracked 
| 103|0x0000000086700000, 0x0000000086700000, 0x0000000086800000|  0%| F|  |TAMS 0x0000000086700000| PB 0x0000000086700000| Untracked 
| 104|0x0000000086800000, 0x0000000086800000, 0x0000000086900000|  0%| F|  |TAMS 0x0000000086800000| PB 0x0000000086800000| Untracked 
| 105|0x0000000086900000, 0x0000000086900000, 0x0000000086a00000|  0%| F|  |TAMS 0x0000000086900000| PB 0x0000000086900000| Untracked 
| 106|0x0000000086a00000, 0x0000000086a00000, 0x0000000086b00000|  0%| F|  |TAMS 0x0000000086a00000| PB 0x0000000086a00000| Untracked 
| 107|0x0000000086b00000, 0x0000000086b00000, 0x0000000086c00000|  0%| F|  |TAMS 0x0000000086b00000| PB 0x0000000086b00000| Untracked 
| 108|0x0000000086c00000, 0x0000000086c00000, 0x0000000086d00000|  0%| F|  |TAMS 0x0000000086c00000| PB 0x0000000086c00000| Untracked 
| 109|0x0000000086d00000, 0x0000000086d00000, 0x0000000086e00000|  0%| F|  |TAMS 0x0000000086d00000| PB 0x0000000086d00000| Untracked 
| 110|0x0000000086e00000, 0x0000000086e00000, 0x0000000086f00000|  0%| F|  |TAMS 0x0000000086e00000| PB 0x0000000086e00000| Untracked 
| 111|0x0000000086f00000, 0x0000000086f00000, 0x0000000087000000|  0%| F|  |TAMS 0x0000000086f00000| PB 0x0000000086f00000| Untracked 
| 112|0x0000000087000000, 0x0000000087000000, 0x0000000087100000|  0%| F|  |TAMS 0x0000000087000000| PB 0x0000000087000000| Untracked 
| 113|0x0000000087100000, 0x0000000087100000, 0x0000000087200000|  0%| F|  |TAMS 0x0000000087100000| PB 0x0000000087100000| Untracked 
| 114|0x0000000087200000, 0x0000000087200000, 0x0000000087300000|  0%| F|  |TAMS 0x0000000087200000| PB 0x0000000087200000| Untracked 
| 115|0x0000000087300000, 0x0000000087300000, 0x0000000087400000|  0%| F|  |TAMS 0x0000000087300000| PB 0x0000000087300000| Untracked 
| 116|0x0000000087400000, 0x0000000087400000, 0x0000000087500000|  0%| F|  |TAMS 0x0000000087400000| PB 0x0000000087400000| Untracked 
| 117|0x0000000087500000, 0x0000000087500000, 0x0000000087600000|  0%| F|  |TAMS 0x0000000087500000| PB 0x0000000087500000| Untracked 
| 118|0x0000000087600000, 0x0000000087600000, 0x0000000087700000|  0%| F|  |TAMS 0x0000000087600000| PB 0x0000000087600000| Untracked 
| 119|0x0000000087700000, 0x0000000087700000, 0x0000000087800000|  0%| F|  |TAMS 0x0000000087700000| PB 0x0000000087700000| Untracked 
| 120|0x0000000087800000, 0x0000000087880000, 0x0000000087900000| 50%| E|  |TAMS 0x0000000087800000| PB 0x0000000087800000| Complete 
| 121|0x0000000087900000, 0x0000000087a00000, 0x0000000087a00000|100%| E|CS|TAMS 0x0000000087900000| PB 0x0000000087900000| Complete 
| 122|0x0000000087a00000, 0x0000000087b00000, 0x0000000087b00000|100%| E|CS|TAMS 0x0000000087a00000| PB 0x0000000087a00000| Complete 
| 123|0x0000000087b00000, 0x0000000087c00000, 0x0000000087c00000|100%| E|CS|TAMS 0x0000000087b00000| PB 0x0000000087b00000| Complete 
| 124|0x0000000087c00000, 0x0000000087d00000, 0x0000000087d00000|100%| E|CS|TAMS 0x0000000087c00000| PB 0x0000000087c00000| Complete 
| 125|0x0000000087d00000, 0x0000000087e00000, 0x0000000087e00000|100%| E|CS|TAMS 0x0000000087d00000| PB 0x0000000087d00000| Complete 
| 126|0x0000000087e00000, 0x0000000087f00000, 0x0000000087f00000|100%| E|CS|TAMS 0x0000000087e00000| PB 0x0000000087e00000| Complete 
| 127|0x0000000087f00000, 0x0000000088000000, 0x0000000088000000|100%| E|CS|TAMS 0x0000000087f00000| PB 0x0000000087f00000| Complete 

Card table byte_map: [0x0000017da58b0000,0x0000017da5cb0000] _byte_map_base: 0x0000017da54b0000

Marking Bits: (CMBitMap*) 0x0000017d91f742b0
 Bits: [0x0000017da5cb0000, 0x0000017da7cb0000)

Polling page: 0x0000017d91580000

Metaspace:

Usage:
  Non-class:     11.56 MB used.
      Class:      1.43 MB used.
       Both:     12.99 MB used.

Virtual space:
  Non-class space:       64.00 MB reserved,      12.06 MB ( 19%) committed,  1 nodes.
      Class space:        1.00 GB reserved,       1.75 MB ( <1%) committed,  1 nodes.
             Both:        1.06 GB reserved,      13.81 MB (  1%) committed. 

Chunk freelists:
   Non-Class:  4.20 MB
       Class:  14.37 MB
        Both:  18.57 MB

MaxMetaspaceSize: unlimited
CompressedClassSpaceSize: 1.00 GB
Initial GC threshold: 21.00 MB
Current GC threshold: 23.06 MB
CDS: on
 - commit_granule_bytes: 65536.
 - commit_granule_words: 8192.
 - virtual_space_node_default_size: 8388608.
 - enlarge_chunks_in_place: 1.
 - use_allocation_guard: 0.


Internal statistics:

num_allocs_failed_limit: 0.
num_arena_births: 632.
num_arena_deaths: 292.
num_vsnodes_births: 2.
num_vsnodes_deaths: 0.
num_space_committed: 221.
num_space_uncommitted: 0.
num_chunks_returned_to_freelist: 409.
num_chunks_taken_from_freelist: 1146.
num_chunk_merges: 96.
num_chunk_splits: 660.
num_chunks_enlarged: 246.
num_inconsistent_stats: 0.

CodeHeap 'non-profiled nmethods': size=120000Kb used=1644Kb max_used=1807Kb free=118355Kb
 bounds [0x0000017d9da20000, 0x0000017d9dc90000, 0x0000017da4f50000]
CodeHeap 'profiled nmethods': size=120000Kb used=4877Kb max_used=5947Kb free=115122Kb
 bounds [0x0000017d95f50000, 0x0000017d96520000, 0x0000017d9d480000]
CodeHeap 'non-nmethods': size=5760Kb used=1441Kb max_used=1537Kb free=4318Kb
 bounds [0x0000017d9d480000, 0x0000017d9d6f0000, 0x0000017d9da20000]
 total_blobs=3156 nmethods=2626 adapters=434
 compilation: enabled
              stopped_count=0, restarted_count=0
 full_count=0

Compilation events (20 events):
Event: 9012.621 Thread 0x0000017daa92df90 3053       4       java.lang.invoke.DirectMethodHandle::allocateInstance (16 bytes)
Event: 9012.622 Thread 0x0000017daa92df90 nmethod 3053 0x0000017d9da4da90 code [0x0000017d9da4dc20, 0x0000017d9da4de08]
Event: 9012.622 Thread 0x0000017daa9315d0 3055       3       java.io.DataInputStream::readUTF (5 bytes)
Event: 9012.622 Thread 0x0000017daa92df90 3054       4       java.lang.invoke.DirectMethodHandle::constructorMethod (10 bytes)
Event: 9012.622 Thread 0x0000017daa9315d0 nmethod 3055 0x0000017d95fa1e90 code [0x0000017d95fa2040, 0x0000017d95fa2178]
Event: 9012.622 Thread 0x0000017daa92df90 nmethod 3054 0x0000017d9da44110 code [0x0000017d9da442a0, 0x0000017d9da44348]
Event: 9215.733 Thread 0x0000017daa92df90 3056   !   4       java.io.ObjectInputStream::readSerialData (474 bytes)
Event: 9215.823 Thread 0x0000017daa92df90 nmethod 3056 0x0000017d9db24110 code [0x0000017d9db24600, 0x0000017d9db28620]
Event: 9312.629 Thread 0x0000017daa92df90 3057       4       java.lang.invoke.VarHandle::checkAccessModeThenIsDirect (29 bytes)
Event: 9312.632 Thread 0x0000017daa92df90 nmethod 3057 0x0000017d9db4ed10 code [0x0000017d9db4eec0, 0x0000017d9db4f2f8]
Event: 9612.639 Thread 0x0000017daa9315d0 3058       3       sun.nio.ch.NioSocketImpl::ensureOpen (35 bytes)
Event: 9612.639 Thread 0x0000017daa9315d0 nmethod 3058 0x0000017d961cf690 code [0x0000017d961cf860, 0x0000017d961cfb98]
Event: 9890.693 Thread 0x0000017daa92df90 3059   !   4       java.security.AccessController::doPrivileged (26 bytes)
Event: 9890.694 Thread 0x0000017daa92df90 nmethod 3059 0x0000017d9dac2390 code [0x0000017d9dac2540, 0x0000017d9dac2688]
Event: 9953.764 Thread 0x0000017daa92df90 3060       4       java.io.ObjectInputStream$BlockDataInputStream::read (9 bytes)
Event: 9953.771 Thread 0x0000017daa92df90 nmethod 3060 0x0000017d9da52a90 code [0x0000017d9da52d00, 0x0000017d9da53758]
Event: 9974.536 Thread 0x0000017daa92df90 3061       4       java.util.concurrent.ThreadPoolExecutor::beforeExecute (1 bytes)
Event: 9974.536 Thread 0x0000017daa92df90 nmethod 3061 0x0000017d9dac1e90 code [0x0000017d9dac2020, 0x0000017d9dac20a8]
Event: 10212.654 Thread 0x0000017daa9315d0 3062       3       sun.net.util.IPAddressUtil::digit (18 bytes)
Event: 10212.654 Thread 0x0000017daa9315d0 nmethod 3062 0x0000017d95fe8590 code [0x0000017d95fe8740, 0x0000017d95fe8868]

GC Heap History (9 events):
Event: 0.600 GC heap before
{Heap before GC invocations=0 (full 0):
 garbage-first heap   total 131072K, used 26624K [0x0000000080000000, 0x0000000100000000)
  region size 1024K, 23 young (23552K), 0 survivors (0K)
 Metaspace       used 8256K, committed 8640K, reserved 1114112K
  class space    used 1036K, committed 1216K, reserved 1048576K
}
Event: 0.607 GC heap after
{Heap after GC invocations=1 (full 0):
 garbage-first heap   total 131072K, used 9416K [0x0000000080000000, 0x0000000100000000)
  region size 1024K, 3 young (3072K), 3 survivors (3072K)
 Metaspace       used 8256K, committed 8640K, reserved 1114112K
  class space    used 1036K, committed 1216K, reserved 1048576K
}
Event: 2.211 GC heap before
{Heap before GC invocations=1 (full 0):
 garbage-first heap   total 131072K, used 38088K [0x0000000080000000, 0x0000000100000000)
  region size 1024K, 31 young (31744K), 3 survivors (3072K)
 Metaspace       used 13283K, committed 13760K, reserved 1114112K
  class space    used 1528K, committed 1728K, reserved 1048576K
}
Event: 2.215 GC heap after
{Heap after GC invocations=2 (full 0):
 garbage-first heap   total 131072K, used 12673K [0x0000000080000000, 0x0000000100000000)
  region size 1024K, 3 young (3072K), 3 survivors (3072K)
 Metaspace       used 13283K, committed 13760K, reserved 1114112K
  class space    used 1528K, committed 1728K, reserved 1048576K
}
Event: 3600.012 GC heap before
{Heap before GC invocations=2 (full 0):
 garbage-first heap   total 131072K, used 30081K [0x0000000080000000, 0x0000000100000000)
  region size 1024K, 21 young (21504K), 3 survivors (3072K)
 Metaspace       used 13620K, committed 14144K, reserved 1114112K
  class space    used 1541K, committed 1792K, reserved 1048576K
}
Event: 3600.027 GC heap after
{Heap after GC invocations=3 (full 1):
 garbage-first heap   total 131072K, used 11468K [0x0000000080000000, 0x0000000100000000)
  region size 1024K, 0 young (0K), 0 survivors (0K)
 Metaspace       used 13565K, committed 14144K, reserved 1114112K
  class space    used 1529K, committed 1792K, reserved 1048576K
}
Event: 7200.032 GC heap before
{Heap before GC invocations=3 (full 1):
 garbage-first heap   total 131072K, used 17612K [0x0000000080000000, 0x0000000100000000)
  region size 1024K, 7 young (7168K), 0 survivors (0K)
 Metaspace       used 13565K, committed 14144K, reserved 1114112K
  class space    used 1529K, committed 1792K, reserved 1048576K
}
Event: 7200.046 GC heap after
{Heap after GC invocations=4 (full 2):
 garbage-first heap   total 131072K, used 10742K [0x0000000080000000, 0x0000000100000000)
  region size 1024K, 0 young (0K), 0 survivors (0K)
 Metaspace       used 13292K, committed 14144K, reserved 1114112K
  class space    used 1464K, committed 1792K, reserved 1048576K
}
Event: 10800.061 GC heap before
{Heap before GC invocations=4 (full 2):
 garbage-first heap   total 131072K, used 17910K [0x0000000080000000, 0x0000000100000000)
  region size 1024K, 8 young (8192K), 0 survivors (0K)
 Metaspace       used 13298K, committed 14144K, reserved 1114112K
  class space    used 1464K, committed 1792K, reserved 1048576K
}

Dll operation events (2 events):
Event: 0.006 Loaded shared library C:\Program Files\JetBrains\IntelliJ IDEA 2025.1\jbr\bin\java.dll
Event: 0.026 Loaded shared library C:\Program Files\JetBrains\IntelliJ IDEA 2025.1\jbr\bin\zip.dll

Deoptimization events (20 events):
Event: 312.436 Thread 0x0000017df04a57b0 Uncommon trap: trap_request=0xffffff45 fr.pc=0x0000017d9db8807c relative=0x000000000000095c
Event: 312.436 Thread 0x0000017df04a57b0 Uncommon trap: reason=unstable_if action=reinterpret pc=0x0000017d9db8807c method=sun.nio.ch.Util$BufferCache.get(I)Ljava/nio/ByteBuffer; @ 47 c2
Event: 312.436 Thread 0x0000017df04a57b0 DEOPT PACKING pc=0x0000017d9db8807c sp=0x000000183c8fe470
Event: 312.436 Thread 0x0000017df04a57b0 DEOPT UNPACKING pc=0x0000017d9d4d46a2 sp=0x000000183c8fe338 mode 2
Event: 7206.266 Thread 0x0000017df01cbe90 Uncommon trap: trap_request=0xffffff45 fr.pc=0x0000017d9dbdde8c relative=0x00000000000028cc
Event: 7206.266 Thread 0x0000017df01cbe90 Uncommon trap: reason=unstable_if action=reinterpret pc=0x0000017d9dbdde8c method=java.lang.ref.ReferenceQueue.poll()Ljava/lang/ref/Reference; @ 4 c2
Event: 7206.266 Thread 0x0000017df01cbe90 DEOPT PACKING pc=0x0000017d9dbdde8c sp=0x000000183c3fe5a0
Event: 7206.266 Thread 0x0000017df01cbe90 DEOPT UNPACKING pc=0x0000017d9d4d46a2 sp=0x000000183c3fe3b8 mode 2
Event: 7206.266 Thread 0x0000017df01cbe90 Uncommon trap: trap_request=0xffffff45 fr.pc=0x0000017d9dafd314 relative=0x0000000000000074
Event: 7206.266 Thread 0x0000017df01cbe90 Uncommon trap: reason=unstable_if action=reinterpret pc=0x0000017d9dafd314 method=java.lang.ref.ReferenceQueue.poll()Ljava/lang/ref/Reference; @ 4 c2
Event: 7206.266 Thread 0x0000017df01cbe90 DEOPT PACKING pc=0x0000017d9dafd314 sp=0x000000183c3fe420
Event: 7206.266 Thread 0x0000017df01cbe90 DEOPT UNPACKING pc=0x0000017d9d4d46a2 sp=0x000000183c3fe3b0 mode 2
Event: 7206.266 Thread 0x0000017df01cbe90 Uncommon trap: trap_request=0xffffff45 fr.pc=0x0000017d9db21dd8 relative=0x00000000000002f8
Event: 7206.266 Thread 0x0000017df01cbe90 Uncommon trap: reason=unstable_if action=reinterpret pc=0x0000017d9db21dd8 method=java.lang.ClassValue.match(Ljava/lang/ClassValue$Entry;)Z @ 12 c2
Event: 7206.266 Thread 0x0000017df01cbe90 DEOPT PACKING pc=0x0000017d9db21dd8 sp=0x000000183c3fe290
Event: 7206.266 Thread 0x0000017df01cbe90 DEOPT UNPACKING pc=0x0000017d9d4d46a2 sp=0x000000183c3fe160 mode 2
Event: 7759.879 Thread 0x0000017df04a29c0 Uncommon trap: trap_request=0xffffffcc fr.pc=0x0000017d9db58190 relative=0x0000000000004b50
Event: 7759.879 Thread 0x0000017df04a29c0 Uncommon trap: reason=intrinsic_or_type_checked_inlining action=make_not_entrant pc=0x0000017d9db58190 method=java.util.ArrayList.toArray([Ljava/lang/Object;)[Ljava/lang/Object; @ 36 c2
Event: 7759.879 Thread 0x0000017df04a29c0 DEOPT PACKING pc=0x0000017d9db58190 sp=0x000000183c7fe150
Event: 7759.879 Thread 0x0000017df04a29c0 DEOPT UNPACKING pc=0x0000017d9d4d46a2 sp=0x000000183c7fdfd8 mode 2

Classes loaded (20 events):
Event: 1.298 Loading class java/lang/Short$ShortCache
Event: 1.298 Loading class java/lang/Short$ShortCache done
Event: 1.300 Loading class java/util/regex/Pattern$LookBehindEndNode
Event: 1.300 Loading class java/util/regex/Pattern$LookBehindEndNode done
Event: 1.300 Loading class java/util/regex/Pattern$Behind
Event: 1.300 Loading class java/util/regex/Pattern$Behind done
Event: 1.300 Loading class java/util/regex/Pattern$Neg
Event: 1.300 Loading class java/util/regex/Pattern$Neg done
Event: 1.300 Loading class java/util/regex/Pattern$NotBehind
Event: 1.300 Loading class java/util/regex/Pattern$NotBehind done
Event: 1.300 Loading class java/util/regex/Pattern$Pos
Event: 1.300 Loading class java/util/regex/Pattern$Pos done
Event: 1.457 Loading class java/lang/ArrayIndexOutOfBoundsException
Event: 1.457 Loading class java/lang/ArrayIndexOutOfBoundsException done
Event: 12.625 Loading class java/util/DualPivotQuicksort
Event: 12.626 Loading class java/util/DualPivotQuicksort done
Event: 15.485 Loading class java/util/ArrayList$ListItr
Event: 15.485 Loading class java/util/ArrayList$ListItr done
Event: 3600.028 Loading class sun/rmi/transport/DGCClient$EndpointEntry$CleanRequest
Event: 3600.028 Loading class sun/rmi/transport/DGCClient$EndpointEntry$CleanRequest done

Classes unloaded (20 events):
Event: 7200.036 Thread 0x0000017daa8f6670 Unloading class 0x0000017dac091800 'java/lang/invoke/LambdaForm$MH+0x0000017dac091800'
Event: 7200.036 Thread 0x0000017daa8f6670 Unloading class 0x0000017dac091000 'java/lang/invoke/LambdaForm$MH+0x0000017dac091000'
Event: 7200.036 Thread 0x0000017daa8f6670 Unloading class 0x0000017dac090400 'java/lang/invoke/LambdaForm$MH+0x0000017dac090400'
Event: 7200.036 Thread 0x0000017daa8f6670 Unloading class 0x0000017dac090000 'java/lang/invoke/LambdaForm$MH+0x0000017dac090000'
Event: 7200.036 Thread 0x0000017daa8f6670 Unloading class 0x0000017dac08f800 'java/lang/invoke/LambdaForm$MH+0x0000017dac08f800'
Event: 7200.036 Thread 0x0000017daa8f6670 Unloading class 0x0000017dac08f000 'java/lang/invoke/LambdaForm$DMH+0x0000017dac08f000'
Event: 7200.036 Thread 0x0000017daa8f6670 Unloading class 0x0000017dac08e800 'java/lang/invoke/LambdaForm$DMH+0x0000017dac08e800'
Event: 7200.036 Thread 0x0000017daa8f6670 Unloading class 0x0000017dac08d000 'java/lang/invoke/LambdaForm$MH+0x0000017dac08d000'
Event: 7200.036 Thread 0x0000017daa8f6670 Unloading class 0x0000017dac08cc00 'java/lang/invoke/LambdaForm$MH+0x0000017dac08cc00'
Event: 7200.036 Thread 0x0000017daa8f6670 Unloading class 0x0000017dac089400 'java/lang/invoke/LambdaForm$MH+0x0000017dac089400'
Event: 7200.036 Thread 0x0000017daa8f6670 Unloading class 0x0000017dac087800 'java/lang/invoke/LambdaForm$MH+0x0000017dac087800'
Event: 7200.036 Thread 0x0000017daa8f6670 Unloading class 0x0000017dac087400 'java/lang/invoke/LambdaForm$MH+0x0000017dac087400'
Event: 7200.036 Thread 0x0000017daa8f6670 Unloading class 0x0000017dac085400 'java/lang/invoke/LambdaForm$DMH+0x0000017dac085400'
Event: 7200.036 Thread 0x0000017daa8f6670 Unloading class 0x0000017dac084c00 'java/lang/invoke/LambdaForm$DMH+0x0000017dac084c00'
Event: 7200.036 Thread 0x0000017daa8f6670 Unloading class 0x0000017dac084400 'java/lang/invoke/LambdaForm$DMH+0x0000017dac084400'
Event: 7200.036 Thread 0x0000017daa8f6670 Unloading class 0x0000017dac082800 'java/lang/invoke/LambdaForm$MH+0x0000017dac082800'
Event: 7200.036 Thread 0x0000017daa8f6670 Unloading class 0x0000017dac082400 'java/lang/invoke/LambdaForm$MH+0x0000017dac082400'
Event: 7200.036 Thread 0x0000017daa8f6670 Unloading class 0x0000017dac080400 'java/lang/invoke/LambdaForm$MH+0x0000017dac080400'
Event: 7200.036 Thread 0x0000017daa8f6670 Unloading class 0x0000017dac03b400 'java/lang/invoke/LambdaForm$DMH+0x0000017dac03b400'
Event: 7200.036 Thread 0x0000017daa8f6670 Unloading class 0x0000017dac004400 'java/lang/invoke/LambdaForm$MH+0x0000017dac004400'

Classes redefined (0 events):
No events

Internal exceptions (20 events):
Event: 1.093 Thread 0x0000017df04a29c0 Exception <a 'java/lang/NoSuchMethodError'{0x0000000087244968}: static [Ljava/lang/Object;.<clinit>()V> (0x0000000087244968) 
thrown [s\src\hotspot\share\prims\jni.cpp, line 1139]
Event: 1.098 Thread 0x0000017df04a29c0 Exception <a 'java/lang/NoSuchMethodError'{0x00000000872509d0}: 'void java.lang.invoke.DirectMethodHandle$Holder.invokeInterface(java.lang.Object, java.lang.Object)'> (0x00000000872509d0) 
thrown [s\src\hotspot\share\interpreter\linkResolver.cpp, line 784]
Event: 1.301 Thread 0x0000017df04a29c0 Exception <a 'java/lang/NoSuchMethodError'{0x0000000087051238}: static Lcom/intellij/database/remote/jdba/core/ConnectionInfo;.<clinit>()V> (0x0000000087051238) 
thrown [s\src\hotspot\share\prims\jni.cpp, line 1139]
Event: 1.302 Thread 0x0000017df04a29c0 Exception <a 'java/lang/NoSuchMethodError'{0x000000008705bd60}: static Ljava/lang/Object;.<clinit>()V> (0x000000008705bd60) 
thrown [s\src\hotspot\share\prims\jni.cpp, line 1139]
Event: 1.302 Thread 0x0000017df04a29c0 Exception <a 'java/lang/NoSuchMethodError'{0x0000000087060340}: static [I.<clinit>()V> (0x0000000087060340) 
thrown [s\src\hotspot\share\prims\jni.cpp, line 1139]
Event: 1.316 Thread 0x0000017df04a29c0 Exception <a 'java/lang/NoSuchMethodError'{0x0000000087084ce8}: 'java.lang.Object java.lang.invoke.DirectMethodHandle$Holder.invokeInterface(java.lang.Object, java.lang.Object, java.lang.Object, java.lang.Object)'> (0x0000000087084ce8) 
thrown [s\src\hotspot\share\interpreter\linkResolver.cpp, line 784]
Event: 1.349 Thread 0x0000017df04a29c0 Exception <a 'java/lang/NoSuchMethodError'{0x0000000086f92ab0}: static Lcom/intellij/database/remote/jdba/core/ResultLayout;.<clinit>()V> (0x0000000086f92ab0) 
thrown [s\src\hotspot\share\prims\jni.cpp, line 1139]
Event: 1.349 Thread 0x0000017df04a29c0 Exception <a 'java/lang/NoSuchMethodError'{0x0000000086f9fc78}: static Lcom/intellij/database/remote/jdba/core/RowLayout;.<clinit>()V> (0x0000000086f9fc78) 
thrown [s\src\hotspot\share\prims\jni.cpp, line 1139]
Event: 1.350 Thread 0x0000017df04a29c0 Exception <a 'java/lang/NoSuchMethodError'{0x0000000086fadd30}: static Lcom/intellij/database/remote/jdba/util/NameAndClass;.<clinit>()V> (0x0000000086fadd30) 
thrown [s\src\hotspot\share\prims\jni.cpp, line 1139]
Event: 1.351 Thread 0x0000017df04a29c0 Exception <a 'java/lang/NoSuchMethodError'{0x0000000086fb0a40}: 'java.lang.Object java.lang.invoke.DirectMethodHandle$Holder.invokeInterface(java.lang.Object, java.lang.Object, int, java.lang.Object)'> (0x0000000086fb0a40) 
thrown [s\src\hotspot\share\interpreter\linkResolver.cpp, line 784]
Event: 1.351 Thread 0x0000017df04a29c0 Exception <a 'java/lang/NoSuchMethodError'{0x0000000086fb4be0}: 'java.lang.Object java.lang.invoke.DirectMethodHandle$Holder.invokeSpecial(java.lang.Object, java.lang.Object, java.lang.Object, int, java.lang.Object)'> (0x0000000086fb4be0) 
thrown [s\src\hotspot\share\interpreter\linkResolver.cpp, line 784]
Event: 1.720 Thread 0x0000017df04a29c0 Exception <a 'java/lang/NoSuchMethodError'{0x0000000086b02728}: static [Ljava/lang/String;.<clinit>()V> (0x0000000086b02728) 
thrown [s\src\hotspot\share\prims\jni.cpp, line 1139]
Event: 2.380 Thread 0x0000017df04a29c0 Exception <a 'java/lang/NoSuchMethodError'{0x0000000087c56e88}: static [J.<clinit>()V> (0x0000000087c56e88) 
thrown [s\src\hotspot\share\prims\jni.cpp, line 1139]
Event: 12.442 Thread 0x0000017df04a29c0 Implicit null exception at 0x0000017d9dab1027 to 0x0000017d9dab1a00
Event: 12.622 Thread 0x0000017df04a29c0 Exception <a 'java/lang/NoSuchMethodError'{0x0000000087985078}: 'int java.lang.invoke.DirectMethodHandle$Holder.invokeInterface(java.lang.Object, java.lang.Object, int, int)'> (0x0000000087985078) 
thrown [s\src\hotspot\share\interpreter\linkResolver.cpp, line 784]
Event: 12.623 Thread 0x0000017df04a29c0 Exception <a 'java/lang/NoSuchMethodError'{0x000000008798be60}: 'int java.lang.invoke.DelegatingMethodHandle$Holder.reinvoke_L(java.lang.Object, java.lang.Object, int, int)'> (0x000000008798be60) 
thrown [s\src\hotspot\share\interpreter\linkResolver.cpp, line 784]
Event: 12.625 Thread 0x0000017df04a29c0 Exception <a 'java/lang/NoSuchMethodError'{0x00000000879a2958}: static Lcom/intellij/database/remote/jdbc/RemoteResultSet$DataRetrievingOptions;.<clinit>()V> (0x00000000879a2958) 
thrown [s\src\hotspot\share\prims\jni.cpp, line 1139]
Event: 12.627 Thread 0x0000017df04a29c0 Exception <a 'java/lang/NoSuchMethodError'{0x00000000879baaf8}: static Lcom/intellij/database/remote/jdbc/impl/UnparsedValue;.<clinit>()V> (0x00000000879baaf8) 
thrown [s\src\hotspot\share\prims\jni.cpp, line 1139]
Event: 12.866 Thread 0x0000017df04a29c0 Implicit null exception at 0x0000017d9db62fa0 to 0x0000017d9db692a4
Event: 312.435 Thread 0x0000017df04a57b0 Implicit null exception at 0x0000017d9db31dc2 to 0x0000017d9db32148

ZGC Phase Switch (0 events):
No events

VM Operations (20 events):
Event: 5125.670 Executing VM operation: Cleanup done
Event: 6738.056 Executing VM operation: Cleanup
Event: 6738.057 Executing VM operation: Cleanup done
Event: 6912.902 Executing VM operation: Cleanup
Event: 6912.902 Executing VM operation: Cleanup done
Event: 7200.032 Executing VM operation: G1CollectFull (System.gc())
Event: 7200.046 Executing VM operation: G1CollectFull (System.gc()) done
Event: 7207.122 Executing VM operation: Cleanup
Event: 7207.122 Executing VM operation: Cleanup done
Event: 7213.201 Executing VM operation: Cleanup
Event: 7213.201 Executing VM operation: Cleanup done
Event: 7777.824 Executing VM operation: Cleanup
Event: 7777.824 Executing VM operation: Cleanup done
Event: 8713.163 Executing VM operation: Cleanup
Event: 8713.163 Executing VM operation: Cleanup done
Event: 8729.353 Executing VM operation: Cleanup
Event: 8729.353 Executing VM operation: Cleanup done
Event: 9963.186 Executing VM operation: Cleanup
Event: 9963.186 Executing VM operation: Cleanup done
Event: 10800.061 Executing VM operation: G1CollectFull (System.gc())

Memory protections (0 events):
No events

Nmethod flushes (20 events):
Event: 7200.040 Thread 0x0000017daa8f6670 flushing  nmethod 0x0000017d962ec810
Event: 7200.040 Thread 0x0000017daa8f6670 flushing  nmethod 0x0000017d962ee210
Event: 7200.040 Thread 0x0000017daa8f6670 flushing  nmethod 0x0000017d962ee990
Event: 7200.040 Thread 0x0000017daa8f6670 flushing  nmethod 0x0000017d962f0610
Event: 7200.040 Thread 0x0000017daa8f6670 flushing  nmethod 0x0000017d96323510
Event: 7200.040 Thread 0x0000017daa8f6670 flushing  nmethod 0x0000017d96324690
Event: 7200.040 Thread 0x0000017daa8f6670 flushing  nmethod 0x0000017d96326a90
Event: 7200.040 Thread 0x0000017daa8f6670 flushing  nmethod 0x0000017d96344b90
Event: 7200.040 Thread 0x0000017daa8f6670 flushing  nmethod 0x0000017d96348890
Event: 7200.040 Thread 0x0000017daa8f6670 flushing  nmethod 0x0000017d9634d210
Event: 7200.040 Thread 0x0000017daa8f6670 flushing  nmethod 0x0000017d9634d590
Event: 7200.040 Thread 0x0000017daa8f6670 flushing  nmethod 0x0000017d96365290
Event: 7200.040 Thread 0x0000017daa8f6670 flushing  nmethod 0x0000017d96369510
Event: 7200.040 Thread 0x0000017daa8f6670 flushing  nmethod 0x0000017d96369d10
Event: 7200.040 Thread 0x0000017daa8f6670 flushing  nmethod 0x0000017d96387c90
Event: 7200.040 Thread 0x0000017daa8f6670 flushing  nmethod 0x0000017d9638c810
Event: 7200.040 Thread 0x0000017daa8f6670 flushing  nmethod 0x0000017d9638d290
Event: 7200.040 Thread 0x0000017daa8f6670 flushing  nmethod 0x0000017d963b2190
Event: 7200.040 Thread 0x0000017daa8f6670 flushing  nmethod 0x0000017d96450310
Event: 7200.040 Thread 0x0000017daa8f6670 flushing  nmethod 0x0000017d9649cf10

Events (20 events):
Event: 10.610 Thread 0x0000017df04a36e0 Thread exited: 0x0000017df04a36e0
Event: 10.610 Thread 0x0000017df04a29c0 Thread added: 0x0000017df04a36e0
Event: 10.610 Thread 0x0000017df04a5e40 Thread exited: 0x0000017df04a5e40
Event: 10.610 Thread 0x0000017df04a3050 Thread exited: 0x0000017df04a3050
Event: 10.610 Thread 0x0000017df04a36e0 Thread exited: 0x0000017df04a36e0
Event: 14.730 Thread 0x0000017df04a29c0 Thread added: 0x0000017df04a3050
Event: 14.731 Thread 0x0000017df04a29c0 Thread added: 0x0000017df04a4400
Event: 14.731 Thread 0x0000017df04a29c0 Thread added: 0x0000017df04a36e0
Event: 14.731 Thread 0x0000017df04a3050 Thread exited: 0x0000017df04a3050
Event: 14.731 Thread 0x0000017df04a4400 Thread exited: 0x0000017df04a4400
Event: 14.731 Thread 0x0000017df04a36e0 Thread exited: 0x0000017df04a36e0
Event: 30.835 Thread 0x0000017df04a3d70 Thread exited: 0x0000017df04a3d70
Event: 38.134 Thread 0x0000017df04a29c0 Thread added: 0x0000017df04a3050
Event: 38.134 Thread 0x0000017df04a29c0 Thread added: 0x0000017df04a5120
Event: 38.134 Thread 0x0000017df04a29c0 Thread added: 0x0000017df04a36e0
Event: 38.134 Thread 0x0000017df04a3050 Thread exited: 0x0000017df04a3050
Event: 38.134 Thread 0x0000017df04a36e0 Thread exited: 0x0000017df04a36e0
Event: 38.134 Thread 0x0000017df04a5120 Thread exited: 0x0000017df04a5120
Event: 90.437 Thread 0x0000017df01cc4f0 Thread exited: 0x0000017df01cc4f0
Event: 90.452 Thread 0x0000017df041aaf0 Thread exited: 0x0000017df041aaf0


Dynamic libraries:
0x00007ff79d390000 - 0x00007ff79d39a000 	C:\Program Files\JetBrains\IntelliJ IDEA 2025.1\jbr\bin\java.exe
0x00007ff8e9b00000 - 0x00007ff8e9d62000 	C:\Windows\SYSTEM32\ntdll.dll
0x00007ff8e7a20000 - 0x00007ff8e7ae6000 	C:\Windows\System32\KERNEL32.DLL
0x00007ff8e7100000 - 0x00007ff8e74a0000 	C:\Windows\System32\KERNELBASE.dll
0x00007ff8e74b0000 - 0x00007ff8e75fc000 	C:\Windows\System32\ucrtbase.dll
0x00007ff8dee10000 - 0x00007ff8dee2b000 	C:\Program Files\JetBrains\IntelliJ IDEA 2025.1\jbr\bin\VCRUNTIME140.dll
0x00007ff8c8fa0000 - 0x00007ff8c8fb8000 	C:\Program Files\JetBrains\IntelliJ IDEA 2025.1\jbr\bin\jli.dll
0x00007ff8e9020000 - 0x00007ff8e91e1000 	C:\Windows\System32\USER32.dll
0x00007ff8ca930000 - 0x00007ff8cabc0000 	C:\Windows\WinSxS\amd64_microsoft.windows.common-controls_6595b64144ccf1df_6.0.26100.712_none_4446894f1c2e6cc3\COMCTL32.dll
0x00007ff8e7970000 - 0x00007ff8e7997000 	C:\Windows\System32\win32u.dll
0x00007ff8e97c0000 - 0x00007ff8e9869000 	C:\Windows\System32\msvcrt.dll
0x00007ff8e98f0000 - 0x00007ff8e991a000 	C:\Windows\System32\GDI32.dll
0x00007ff8e6fd0000 - 0x00007ff8e70f1000 	C:\Windows\System32\gdi32full.dll
0x00007ff8e7840000 - 0x00007ff8e78e3000 	C:\Windows\System32\msvcp_win.dll
0x00007ff8e9920000 - 0x00007ff8e994f000 	C:\Windows\System32\IMM32.DLL
0x00007ff8e1a90000 - 0x00007ff8e1a9c000 	C:\Program Files\JetBrains\IntelliJ IDEA 2025.1\jbr\bin\vcruntime140_1.dll
0x00007ff8822d0000 - 0x00007ff88235d000 	C:\Program Files\JetBrains\IntelliJ IDEA 2025.1\jbr\bin\msvcp140.dll
0x00007ff8990d0000 - 0x00007ff899e91000 	C:\Program Files\JetBrains\IntelliJ IDEA 2025.1\jbr\bin\server\jvm.dll
0x00007ff8e9700000 - 0x00007ff8e97b2000 	C:\Windows\System32\ADVAPI32.dll
0x00007ff8e86d0000 - 0x00007ff8e8777000 	C:\Windows\System32\sechost.dll
0x00007ff8e8780000 - 0x00007ff8e8896000 	C:\Windows\System32\RPCRT4.dll
0x00007ff8e79a0000 - 0x00007ff8e7a14000 	C:\Windows\System32\WS2_32.dll
0x00007ff8e6790000 - 0x00007ff8e67de000 	C:\Windows\SYSTEM32\POWRPROF.dll
0x00007ff8dc4f0000 - 0x00007ff8dc526000 	C:\Windows\SYSTEM32\WINMM.dll
0x00007ff8e1250000 - 0x00007ff8e125b000 	C:\Windows\SYSTEM32\VERSION.dll
0x00007ff8e66f0000 - 0x00007ff8e6704000 	C:\Windows\SYSTEM32\UMPDC.dll
0x00007ff8e5dc0000 - 0x00007ff8e5dda000 	C:\Windows\SYSTEM32\kernel.appcore.dll
0x00007ff8e0600000 - 0x00007ff8e060a000 	C:\Program Files\JetBrains\IntelliJ IDEA 2025.1\jbr\bin\jimage.dll
0x00007ff8da780000 - 0x00007ff8da9c1000 	C:\Windows\SYSTEM32\DBGHELP.DLL
0x00007ff8e8a10000 - 0x00007ff8e8d85000 	C:\Windows\System32\combase.dll
0x00007ff8e8e50000 - 0x00007ff8e8f26000 	C:\Windows\System32\OLEAUT32.dll
0x00007ff8c77f0000 - 0x00007ff8c7829000 	C:\Windows\SYSTEM32\dbgcore.DLL
0x00007ff8e6f30000 - 0x00007ff8e6fc9000 	C:\Windows\System32\bcryptPrimitives.dll
0x00007ff8c8fc0000 - 0x00007ff8c8fe0000 	C:\Program Files\JetBrains\IntelliJ IDEA 2025.1\jbr\bin\java.dll
0x00007ff8e7af0000 - 0x00007ff8e81d6000 	C:\Windows\System32\SHELL32.dll
0x00007ff8e4d50000 - 0x00007ff8e556f000 	C:\Windows\SYSTEM32\windows.storage.dll
0x00007ff8e9960000 - 0x00007ff8e9a33000 	C:\Windows\System32\SHCORE.dll
0x00007ff8e8da0000 - 0x00007ff8e8dfd000 	C:\Windows\System32\shlwapi.dll
0x00007ff8e6e50000 - 0x00007ff8e6e74000 	C:\Windows\SYSTEM32\profapi.dll
0x00007ff8c8f80000 - 0x00007ff8c8f98000 	C:\Program Files\JetBrains\IntelliJ IDEA 2025.1\jbr\bin\zip.dll
0x00007ff8d3e60000 - 0x00007ff8d3e70000 	C:\Program Files\JetBrains\IntelliJ IDEA 2025.1\jbr\bin\net.dll
0x00007ff8e1770000 - 0x00007ff8e1896000 	C:\Windows\SYSTEM32\WINHTTP.dll
0x00007ff8e6260000 - 0x00007ff8e62c8000 	C:\Windows\system32\mswsock.dll
0x00007ff8c8f60000 - 0x00007ff8c8f76000 	C:\Program Files\JetBrains\IntelliJ IDEA 2025.1\jbr\bin\nio.dll
0x00007ff8e5800000 - 0x00007ff8e5830000 	C:\Windows\SYSTEM32\IPHLPAPI.DLL
0x00007ff8e8d90000 - 0x00007ff8e8d9a000 	C:\Windows\System32\NSI.dll
0x00007ff8e6680000 - 0x00007ff8e669c000 	C:\Windows\SYSTEM32\CRYPTSP.dll
0x00007ff8e5d20000 - 0x00007ff8e5d58000 	C:\Windows\system32\rsaenh.dll
0x00007ff8e6300000 - 0x00007ff8e632b000 	C:\Windows\SYSTEM32\USERENV.dll
0x00007ff8e68a0000 - 0x00007ff8e68c6000 	C:\Windows\SYSTEM32\bcrypt.dll
0x00007ff8e6480000 - 0x00007ff8e648c000 	C:\Windows\SYSTEM32\CRYPTBASE.dll
0x00007ff8c7890000 - 0x00007ff8c7899000 	C:\Program Files\JetBrains\IntelliJ IDEA 2025.1\jbr\bin\extnet.dll
0x00007ff8ca4d0000 - 0x00007ff8ca4d7000 	C:\Program Files\JetBrains\IntelliJ IDEA 2025.1\jbr\bin\rmi.dll
0x00007ff8e5840000 - 0x00007ff8e595d000 	C:\Windows\SYSTEM32\DNSAPI.dll
0x00007ff8deb70000 - 0x00007ff8deb7b000 	C:\Windows\System32\rasadhlp.dll
0x00007ff8e0a20000 - 0x00007ff8e0aa6000 	C:\Windows\System32\fwpuclnt.dll
0x00007ff8d2690000 - 0x00007ff8d2699000 	C:\Program Files\JetBrains\IntelliJ IDEA 2025.1\jbr\bin\management.dll
0x00007ff8d0310000 - 0x00007ff8d031b000 	C:\Program Files\JetBrains\IntelliJ IDEA 2025.1\jbr\bin\management_ext.dll
0x00007ff8e88a0000 - 0x00007ff8e88a8000 	C:\Windows\System32\PSAPI.DLL
0x00007ff8c9880000 - 0x00007ff8c988e000 	C:\Program Files\JetBrains\IntelliJ IDEA 2025.1\jbr\bin\sunmscapi.dll
0x00007ff8e76c0000 - 0x00007ff8e7836000 	C:\Windows\System32\CRYPT32.dll
0x00007ff8e6860000 - 0x00007ff8e6890000 	C:\Windows\SYSTEM32\ncrypt.dll
0x00007ff8e6810000 - 0x00007ff8e684f000 	C:\Windows\SYSTEM32\NTASN1.dll

dbghelp: loaded successfully - version: 4.0.5 - missing functions: none
symbol engine: initialized successfully - sym options: 0x614 - pdb path: .;C:\Program Files\JetBrains\IntelliJ IDEA 2025.1\jbr\bin;C:\Windows\SYSTEM32;C:\Windows\WinSxS\amd64_microsoft.windows.common-controls_6595b64144ccf1df_6.0.26100.712_none_4446894f1c2e6cc3;C:\Program Files\JetBrains\IntelliJ IDEA 2025.1\jbr\bin\server

VM Arguments:
jvm_args: -Djava.rmi.server.hostname=127.0.0.1 -Duser.timezone=UTC -Xmx2048m -Xms128m -Djdbc.classpath=C:\Users\Admin\AppData\Local\Temp\RemoteDriver2.classpath.txt --add-exports=java.desktop/sun.awt=ALL-UNNAMED --add-exports=java.desktop/java.awt.peer=ALL-UNNAMED --add-opens=java.desktop/java.awt=ALL-UNNAMED --add-opens=jdk.unsupported/sun.misc=ALL-UNNAMED --add-opens=java.base/java.nio=ALL-UNNAMED --add-opens=java.base/java.util=ALL-UNNAMED -Dfile.encoding=UTF-8 -Dsun.stdout.encoding=UTF-8 -Dsun.stderr.encoding=UTF-8 
java_command: com.intellij.database.remote.RemoteJdbcServer org.postgresql.Driver
java_class_path (initial): C:\Program Files\JetBrains\IntelliJ IDEA 2025.1\lib\util_rt.jar;C:\Program Files\JetBrains\IntelliJ IDEA 2025.1\lib\util-8.jar;C:\Program Files\JetBrains\IntelliJ IDEA 2025.1\lib\groovy.jar;C:\Program Files\JetBrains\IntelliJ IDEA 2025.1\plugins\DatabaseTools\lib\jdbc-console.jar;C:\Program Files\JetBrains\IntelliJ IDEA 2025.1\lib\modules\intellij.grid.types.jar;C:\Program Files\JetBrains\IntelliJ IDEA 2025.1\lib\util.jar;C:\Program Files\JetBrains\IntelliJ IDEA 2025.1\lib\bouncy-castle.jar
Launcher Type: SUN_STANDARD

[Global flags]
     intx CICompilerCount                          = 4                                         {product} {ergonomic}
     uint ConcGCThreads                            = 3                                         {product} {ergonomic}
     uint G1ConcRefinementThreads                  = 10                                        {product} {ergonomic}
   size_t G1HeapRegionSize                         = 1048576                                   {product} {ergonomic}
    uintx GCDrainStackTargetSize                   = 64                                        {product} {ergonomic}
   size_t InitialHeapSize                          = 134217728                                 {product} {command line}
   size_t MarkStackSize                            = 4194304                                   {product} {ergonomic}
   size_t MaxHeapSize                              = 2147483648                                {product} {command line}
   size_t MaxNewSize                               = 1287651328                                {product} {ergonomic}
   size_t MinHeapDeltaBytes                        = 1048576                                   {product} {ergonomic}
   size_t MinHeapSize                              = 134217728                                 {product} {command line}
    uintx NonNMethodCodeHeapSize                   = 5839372                                {pd product} {ergonomic}
    uintx NonProfiledCodeHeapSize                  = 122909434                              {pd product} {ergonomic}
    uintx ProfiledCodeHeapSize                     = 122909434                              {pd product} {ergonomic}
    uintx ReservedCodeCacheSize                    = 251658240                              {pd product} {ergonomic}
     bool SegmentedCodeCache                       = true                                      {product} {ergonomic}
   size_t SoftMaxHeapSize                          = 2147483648                             {manageable} {ergonomic}
     bool UseCompressedOops                        = true                           {product lp64_product} {ergonomic}
     bool UseG1GC                                  = true                                      {product} {ergonomic}
     bool UseLargePagesIndividualAllocation        = false                                  {pd product} {ergonomic}

Logging:
Log output configuration:
 #0: stdout all=warning uptime,level,tags foldmultilines=false
 #1: stderr all=off uptime,level,tags foldmultilines=false

Environment Variables:
JAVA_HOME=C:\Users\Admin\.jdks\corretto-21.0.6
PATH=C:\Program Files\Common Files\Oracle\Java\javapath;C:\Program Files (x86)\Common Files\Oracle\Java\java8path;C:\Program Files (x86)\Common Files\Oracle\Java\javapath;C:\Windows\system32;C:\Windows;C:\Windows\System32\Wbem;C:\Windows\System32\WindowsPowerShell\v1.0\;C:\Windows\System32\OpenSSH\;C:\Program Files\NVIDIA Corporation\NVIDIA App\NvDLISR;C:\Program Files (x86)\NVIDIA Corporation\PhysX\Common;C:\Program Files\Git\cmd;C:\Program Files\Docker\Docker\resources\bin;C:\Users\Admin\AppData\Local\Microsoft\WindowsApps;
USERNAME=Admin
OS=Windows_NT
PROCESSOR_IDENTIFIER=Intel64 Family 6 Model 165 Stepping 3, GenuineIntel
TMP=C:\Users\Admin\AppData\Local\Temp
TEMP=C:\Users\Admin\AppData\Local\Temp




Periodic native trim disabled

JNI global refs:
JNI global refs: 17, weak refs: 0

JNI global refs memory usage: 835, weak refs: 201

Process memory usage:
Resident Set Size: 104708K (0% of 16644524K total physical memory with 1266428K free physical memory)

OOME stack traces (most recent first):
Classloader memory used:
Loader bootstrap                                                                       : 7518K
Loader jdk.internal.loader.ClassLoaders$AppClassLoader                                 : 3491K
Loader com.intellij.database.remote.jdbc.impl.JdbcClassLoader$JdbcClassLoaderImpl      : 1799K
Loader jdk.internal.loader.ClassLoaders$PlatformClassLoader                            : 453K
Loader jdk.internal.reflect.DelegatingClassLoader                                      : 29472B
Loader com.intellij.database.remote.jdbc.impl.JdbcClassLoader$1                        : 6912B

---------------  S Y S T E M  ---------------

OS:
 Windows 11 , 64 bit Build 26100 (10.0.26100.712)
OS uptime: 0 days 5:42 hours
Hyper-V role detected

CPU: total 12 (initial active 12) (6 cores per cpu, 2 threads per core) family 6 model 165 stepping 3 microcode 0xe0, cx8, cmov, fxsr, ht, mmx, 3dnowpref, sse, sse2, sse3, ssse3, sse4.1, sse4.2, popcnt, lzcnt, tsc, tscinvbit, avx, avx2, aes, erms, clmul, bmi1, bmi2, adx, fma, vzeroupper, clflush, clflushopt, hv, rdtscp, f16c
Processor Information for the first 12 processors :
  Max Mhz: 2904, Current Mhz: 2904, Mhz Limit: 2904

Memory: 4k page, system-wide physical 16254M (1236M free)
TotalPageFile size 24446M (AvailPageFile size 4M)
current process WorkingSet (physical memory assigned to process): 102M, peak: 137M
current process commit charge ("private bytes"): 239M, peak: 263M

vm_info: OpenJDK 64-Bit Server VM (21.0.6+9-b895.109) for windows-amd64 JRE (21.0.6+9-b895.109), built on 2025-03-26 by "builduser" with MS VC++ 16.10 / 16.11 (VS2019)

END.
